This is pdfTeX, Version 3.1415926-2.5-1.40.14 (MiKTeX 2.9 64-bit) (preloaded format=pdflatex 2014.11.12)  11 APR 2016 15:31
entering extended mode
**C:/Users/lma2/Desktop/SolPaper/solPaper.tex
(C:/Users/lma2/Desktop/SolPaper/solPaper.tex
LaTeX2e <2011/06/27>
Babel <v3.8m> and hyphenation patterns for english, afrikaans, ancientgreek, ar
abic, armenian, assamese, basque, bengali, bokmal, bulgarian, catalan, coptic, 
croatian, czech, danish, dutch, esperanto, estonian, farsi, finnish, french, ga
lician, german, german-x-2013-05-26, greek, gujarati, hindi, hungarian, iceland
ic, indonesian, interlingua, irish, italian, kannada, kurmanji, latin, latvian,
 lithuanian, malayalam, marathi, mongolian, mongolianlmc, monogreek, ngerman, n
german-x-2013-05-26, nynorsk, oriya, panjabi, pinyin, polish, portuguese, roman
ian, russian, sanskrit, serbian, slovak, slovenian, spanish, swedish, swissgerm
an, tamil, telugu, turkish, turkmen, ukenglish, ukrainian, uppersorbian, usengl
ishmax, welsh, loaded.
(C:\Users\lma2\Desktop\SolPaper\nature.cls
Document Class: nature 20/9/2010 v1.2
A class for writing preprints for the journal Nature
Written by Peter Czoschke
Updated by I. B. Spielman
 
("C:\Program Files\MiKTeX 2.9\tex\latex\base\article.cls"
Document Class: article 2014/09/29 v1.4h Standard LaTeX document class
("C:\Program Files\MiKTeX 2.9\tex\latex\base\size12.clo"
File: size12.clo 2014/09/29 v1.4h Standard LaTeX file (size option)
)
\c@part=\count79
\c@section=\count80
\c@subsection=\count81
\c@subsubsection=\count82
\c@paragraph=\count83
\c@subparagraph=\count84
\c@figure=\count85
\c@table=\count86
\abovecaptionskip=\skip41
\belowcaptionskip=\skip42
\bibindent=\dimen102
)
("C:\Program Files\MiKTeX 2.9\tex\latex\cite\cite.sty"
LaTeX Info: Redefining \cite on input line 302.
LaTeX Info: Redefining \nocite on input line 373.
Package: cite 2010/09/10  v 5.3
)
("C:\Program Files\MiKTeX 2.9\tex\latex\base\fontenc.sty"
Package: fontenc 2005/09/27 v1.99g Standard LaTeX package

("C:\Program Files\MiKTeX 2.9\tex\latex\base\t1enc.def"
File: t1enc.def 2005/09/27 v1.99g Standard LaTeX file
LaTeX Font Info:    Redeclaring font encoding T1 on input line 43.
))
("C:\Program Files\MiKTeX 2.9\tex\latex\psnfss\times.sty"
Package: times 2005/04/12 PSNFSS-v9.2a (SPQR) 
)
("C:\Program Files\MiKTeX 2.9\tex\latex\preprint\fullpage.sty"
Package: fullpage 1999/02/23 1.1 (PWD)
\FP@margin=\skip43
)
("C:\Program Files\MiKTeX 2.9\tex\latex\base\ifthen.sty"
Package: ifthen 2014/09/29 v1.1c Standard LaTeX ifthen package (DPC)
)
("C:\Program Files\MiKTeX 2.9\tex\latex\endfloat\endfloat.sty"
Package: endfloat 2011/12/25 v2.5d LaTeX2e package puts figures and tables at e
nd (jdm)

("C:\Program Files\MiKTeX 2.9\tex\latex\graphics\keyval.sty"
Package: keyval 2014/10/28 v1.15 key=value parser (DPC)
\KV@toks@=\toks14
)
\c@postfigure=\count87
\efloat@postfff=\write3
\@ef@fffopen=\count88
\c@posttable=\count89
\efloat@postttt=\write4
\@ef@tttopen=\count90
)
("C:\Program Files\MiKTeX 2.9\tex\latex\caption\caption.sty"
Package: caption 2013/05/02 v3.3-89 Customizing captions (AR)

("C:\Program Files\MiKTeX 2.9\tex\latex\caption\caption3.sty"
Package: caption3 2013/05/02 v1.6-88 caption3 kernel (AR)
Package caption3 Info: TeX engine: e-TeX on input line 57.
\captionmargin=\dimen103
\captionmargin@=\dimen104
\captionwidth=\dimen105
\caption@tempdima=\dimen106
\caption@indent=\dimen107
\caption@parindent=\dimen108
\caption@hangindent=\dimen109
)
\c@ContinuedFloat=\count91
))
("C:\Program Files\MiKTeX 2.9\tex\latex\graphics\graphicx.sty"
Package: graphicx 2014/10/28 v1.0g Enhanced LaTeX Graphics (DPC,SPQR)

("C:\Program Files\MiKTeX 2.9\tex\latex\graphics\graphics.sty"
Package: graphics 2014/10/28 v1.0p Standard LaTeX Graphics (DPC,SPQR)

("C:\Program Files\MiKTeX 2.9\tex\latex\graphics\trig.sty"
Package: trig 1999/03/16 v1.09 sin cos tan (DPC)
)
("C:\Program Files\MiKTeX 2.9\tex\latex\00miktex\graphics.cfg"
File: graphics.cfg 2007/01/18 v1.5 graphics configuration of teTeX/TeXLive
)
Package graphics Info: Driver file: pdftex.def on input line 91.

("C:\Program Files\MiKTeX 2.9\tex\latex\pdftex-def\pdftex.def"
File: pdftex.def 2011/05/27 v0.06d Graphics/color for pdfTeX

("C:\Program Files\MiKTeX 2.9\tex\generic\oberdiek\infwarerr.sty"
Package: infwarerr 2010/04/08 v1.3 Providing info/warning/error messages (HO)
)
("C:\Program Files\MiKTeX 2.9\tex\generic\oberdiek\ltxcmds.sty"
Package: ltxcmds 2011/11/09 v1.22 LaTeX kernel commands for general use (HO)
)
\Gread@gobject=\count92
))
\Gin@req@height=\dimen110
\Gin@req@width=\dimen111
)
(C:\Users\lma2\Desktop\SolPaper\solPaper.aux)
LaTeX Font Info:    Checking defaults for OML/cmm/m/it on input line 28.
LaTeX Font Info:    ... okay on input line 28.
LaTeX Font Info:    Checking defaults for T1/cmr/m/n on input line 28.
LaTeX Font Info:    ... okay on input line 28.
LaTeX Font Info:    Checking defaults for OT1/cmr/m/n on input line 28.
LaTeX Font Info:    ... okay on input line 28.
LaTeX Font Info:    Checking defaults for OMS/cmsy/m/n on input line 28.
LaTeX Font Info:    ... okay on input line 28.
LaTeX Font Info:    Checking defaults for OMX/cmex/m/n on input line 28.
LaTeX Font Info:    ... okay on input line 28.
LaTeX Font Info:    Checking defaults for U/cmr/m/n on input line 28.
LaTeX Font Info:    ... okay on input line 28.
LaTeX Font Info:    Try loading font information for T1+ptm on input line 28.

("C:\Program Files\MiKTeX 2.9\tex\latex\psnfss\t1ptm.fd"
File: t1ptm.fd 2001/06/04 font definitions for T1/ptm.
)
Package caption Info: Begin \AtBeginDocument code.
Package caption Info: End \AtBeginDocument code.

("C:\Program Files\MiKTeX 2.9\tex\context\base\supp-pdf.mkii"
[Loading MPS to PDF converter (version 2006.09.02).]
\scratchcounter=\count93
\scratchdimen=\dimen112
\scratchbox=\box26
\nofMPsegments=\count94
\nofMParguments=\count95
\everyMPshowfont=\toks15
\MPscratchCnt=\count96
\MPscratchDim=\dimen113
\MPnumerator=\count97
\makeMPintoPDFobject=\count98
\everyMPtoPDFconversion=\toks16
)
LaTeX Font Info:    Font shape `T1/ptm/bx/n' in size <17.28> not available
(Font)              Font shape `T1/ptm/b/n' tried instead on input line 29.
LaTeX Font Info:    Try loading font information for T1+phv on input line 29.
 ("C:\Program Files\MiKTeX 2.9\tex\latex\psnfss\t1phv.fd"
File: t1phv.fd 2001/06/04 scalable font definitions for T1/phv.
)
LaTeX Font Info:    Font shape `T1/phv/bx/n' in size <17.28> not available
(Font)              Font shape `T1/phv/b/n' tried instead on input line 29.
LaTeX Font Info:    External font `cmex10' loaded for size
(Font)              <12> on input line 29.
LaTeX Font Info:    External font `cmex10' loaded for size
(Font)              <8> on input line 29.
LaTeX Font Info:    External font `cmex10' loaded for size
(Font)              <6> on input line 29.
LaTeX Font Info:    Font shape `T1/ptm/bx/n' in size <12> not available
(Font)              Font shape `T1/ptm/b/n' tried instead on input line 35.
 (solPaper.fff)
[1

{C:/ProgramData/MiKTeX/2.9/pdftex/config/pdftex.map}] [2]
(C:\Users\lma2\Desktop\SolPaper\solPaper.bbl
LaTeX Font Info:    Try loading font information for T1+pcr on input line 17.

("C:\Program Files\MiKTeX 2.9\tex\latex\psnfss\t1pcr.fd"
File: t1pcr.fd 2001/06/04 font definitions for T1/pcr.
)
Underfull \hbox (badness 3364) in paragraph at lines 20--29
[]\T1/ptm/m/n/12 Weller, A. \T1/ptm/m/it/12 et al.  \T1/ptm/m/n/12 Ex-per-i-men
-tal Ob-ser-va-tion of Os-cil-lat-ing and In-ter-act-ing Mat-
 []


Underfull \hbox (badness 3439) in paragraph at lines 20--29
\T1/ptm/m/n/12 ter Wave Dark Soli-tons.  \T1/ptm/m/it/12 Phys-i-cal Re-view Let
-ters \T1/ptm/b/n/12 101\T1/ptm/m/n/12 , 130401 (2008).  URL
 []


Underfull \hbox (badness 10000) in paragraph at lines 20--29
\T1/pcr/m/n/12 http://link.aps.org/doi/10.1103/PhysRevLett.101.130401\T1/ptm/m/
n/12 .
 []

[3]
Underfull \hbox (badness 10000) in paragraph at lines 58--67
[]\T1/ptm/m/n/12 Stringari, S.  Dy-nam-ics of Bose-Einstein con-densed gases in
 highly
 []


Underfull \hbox (badness 10000) in paragraph at lines 58--67
\T1/ptm/m/n/12 de-formed traps.  \T1/ptm/m/it/12 Phys-i-cal Re-view A \T1/ptm/b
/n/12 58\T1/ptm/m/n/12 , 2385--2388 (1998).  URL
 []


Overfull \hbox (179.31967pt too wide) in paragraph at lines 58--67
\T1/pcr/m/n/12 http://arxiv.org/abs/cond-mat/9801067$\OMS/cmsy/m/n/12 n$\T1/pcr
/m/n/12 nhttp://link.aps.org/doi/10.1103/PhysRevA.58.2385\T1/ptm/m/n/12 .
 []


Underfull \hbox (badness 10000) in paragraph at lines 69--78
\T1/ptm/m/n/12 URL \T1/pcr/m/n/12 papers://fe3c0465-e0d0-4e90-a74d-7e674c71995a
/Paper/p126\T1/ptm/m/n/12 .
 []


Underfull \hbox (badness 6078) in paragraph at lines 80--88
[]\T1/ptm/m/n/12 Andrews, M., Kurn, D. & Mies-ner, H.  Prop-a-ga-tion of sound 
in a Bose-
 []


Underfull \hbox (badness 10000) in paragraph at lines 80--88
\T1/ptm/m/n/12 Einstein con-den-sate.  \T1/ptm/m/it/12 Phys-i-cal Re-view Let-t
ers \T1/ptm/b/n/12 79\T1/ptm/m/n/12 , 553--556 (1997).  URL
 []

[4]
Underfull \hbox (badness 5316) in paragraph at lines 119--125
[]\T1/ptm/m/n/12 Fang, F., Olf, R., Wu, S., Kadau, H. & Stamper-Kurn, D. M.  Co
n-dens-
 []


Underfull \hbox (badness 4940) in paragraph at lines 119--125
\T1/ptm/m/n/12 ing magnons in a de-gen-er-ate fer-ro-mag-netic spinor Bose gas 
5 (2015).  URL
 []

)
LaTeX Font Info:    Font shape `T1/ptm/bx/n' in size <10.95> not available
(Font)              Font shape `T1/ptm/b/n' tried instead on input line 73.

Overfull \hbox (2.45901pt too wide) in paragraph at lines 73--74
[]\T1/ptm/m/n/10.95 This work was par-tially sup-ported by the ARO's Atom-tron-
ics MURI, by the AFOSR's
 []


Overfull \hbox (71.7162pt too wide) in paragraph at lines 79--80
[]\T1/ptm/m/n/10.95 Correspondence and re-quests for ma-te-ri-als should be ad-
dressed to I.B.S. (email: ian.spielman@nist.gov). 
 []

[5] AED endfloat: Processing end Figures and Tables [6]
(C:\Users\lma2\Desktop\SolPaper\solPaper.fff
<Figures/Fig1_solOscV3.pdf, id=31, 481.97264pt x 255.26366pt>
File: Figures/Fig1_solOscV3.pdf Graphic file (type pdf)

<use Figures/Fig1_solOscV3.pdf>
Package pdftex.def Info: Figures/Fig1_solOscV3.pdf used on input line 2.
(pdftex.def)             Requested size: 386.95747pt x 204.93956pt.
LaTeX Font Info:    Font shape `T1/phv/bx/n' in size <10.95> not available
(Font)              Font shape `T1/phv/b/n' tried instead on input line 3.
 [7


 <C:/Users/lma2/Desktop/SolPaper/Figures/Fig1_solOscV3.pdf>] <Figures/Fig2_solW
Imp.pdf, id=111, 299.1175pt x 487.48825pt>
File: Figures/Fig2_solWImp.pdf Graphic file (type pdf)

<use Figures/Fig2_solWImp.pdf>
Package pdftex.def Info: Figures/Fig2_solWImp.pdf used on input line 9.
(pdftex.def)             Requested size: 253.22952pt x 412.70819pt.
 [8

 <C:/Users/lma2/Desktop/SolPaper/Figures/Fig2_solWImp.pdf>] <Figures/Fig3_Life.
pdf, id=139, 481.8pt x 205.26688pt>
File: Figures/Fig3_Life.pdf Graphic file (type pdf)

<use Figures/Fig3_Life.pdf>
Package pdftex.def Info: Figures/Fig3_Life.pdf used on input line 16.
(pdftex.def)             Requested size: 386.95747pt x 164.86519pt.
 [9

 <C:/Users/lma2/Desktop/SolPaper/Figures/Fig3_Life.pdf>] <Figures/Fig4_Diff.pdf
, id=163, 325.215pt x 300.69238pt>
File: Figures/Fig4_Diff.pdf Graphic file (type pdf)

<use Figures/Fig4_Diff.pdf>
Package pdftex.def Info: Figures/Fig4_Diff.pdf used on input line 23.
(pdftex.def)             Requested size: 386.95747pt x 357.80542pt.
LaTeX Font Info:    External font `cmex10' loaded for size
(Font)              <10.95> on input line 24.
 [10

 <C:/Users/lma2/Desktop/SolPaper/Figures/Fig4_Diff.pdf>]) (C:\Users\lma2\Deskto
p\SolPaper\solPaper.aux) ) 
Here is how much of TeX's memory you used:
 2944 strings out of 493921
 43146 string characters out of 3144878
 90384 words of memory out of 3000000
 6210 multiletter control sequences out of 15000+200000
 42186 words of font info for 53 fonts, out of 3000000 for 9000
 841 hyphenation exceptions out of 8191
 43i,5n,40p,1805b,415s stack positions out of 5000i,500n,10000p,200000b,50000s
{C:/Program Files/MiKTeX 2.9/fonts/enc/dvips/fontname
/8r.enc}<C:/Program Files/MiKTeX 2.9/fonts/type1/public/amsfonts/cm/cmmi10.pfb>
<C:/Program Files/MiKTeX 2.9/fonts/type1/public/amsfonts/cm/cmmi12.pfb><C:/Prog
ram Files/MiKTeX 2.9/fonts/type1/public/amsfonts/cm/cmmi8.pfb><C:/Program Files
/MiKTeX 2.9/fonts/type1/public/amsfonts/cm/cmr12.pfb><C:/Program Files/MiKTeX 2
.9/fonts/type1/public/amsfonts/cm/cmr8.pfb><C:/Program Files/MiKTeX 2.9/fonts/t
ype1/public/amsfonts/cm/cmsy10.pfb><C:/Program Files/MiKTeX 2.9/fonts/type1/urw
/courier/ucrr8a.pfb><C:/Program Files/MiKTeX 2.9/fonts/type1/urw/helvetic/uhvb8
a.pfb><C:/Program Files/MiKTeX 2.9/fonts/type1/urw/helvetic/uhvr8a.pfb><C:/Prog
ram Files/MiKTeX 2.9/fonts/type1/urw/times/utmb8a.pfb><C:/Program Files/MiKTeX 
2.9/fonts/type1/urw/times/utmr8a.pfb><C:/Program Files/MiKTeX 2.9/fonts/type1/u
rw/times/utmr8a.pfb><C:/Program Files/MiKTeX 2.9/fonts/type1/urw/times/utmri8a.
pfb>
Output written on solPaper.pdf (10 pages, 2127616 bytes).
PDF statistics:
 225 PDF objects out of 1000 (max. 8388607)
 0 named destinations out of 1000 (max. 500000)
 21 words of extra memory for PDF output out of 10000 (max. 10000000)

